#
# There is insufficient memory for the Java Runtime Environment to continue.
# Native memory allocation (malloc) failed to allocate 1048576 bytes. Error detail: AllocateHeap
# Possible reasons:
#   The system is out of physical RAM or swap space
#   This process is running with CompressedOops enabled, and the Java Heap may be blocking the growth of the native heap
# Possible solutions:
#   Reduce memory load on the system
#   Increase physical memory or swap space
#   Check if swap backing store is full
#   Decrease Java heap size (-Xmx/-Xms)
#   Decrease number of Java threads
#   Decrease Java thread stack sizes (-Xss)
#   Set larger code cache with -XX:ReservedCodeCacheSize=
#   JVM is running with Unscaled Compressed Oops mode in which the Java heap is
#     placed in the first 4GB address space. The Java Heap base address is the
#     maximum limit for the native heap growth. Please use -XX:HeapBaseMinAddress
#     to set the Java Heap base and to place the Java Heap above 4GB virtual address.
# This output file may be truncated or incomplete.
#
#  Out of Memory Error (allocation.cpp:44), pid=17656, tid=19784
#
# JRE version: OpenJDK Runtime Environment Temurin-21.0.9+10 (21.0.9+10) (build 21.0.9+10-LTS)
# Java VM: OpenJDK 64-Bit Server VM Temurin-21.0.9+10 (21.0.9+10-LTS, mixed mode, sharing, tiered, compressed oops, compressed class ptrs, parallel gc, windows-amd64)
# No core dump will be written. Minidumps are not enabled by default on client versions of Windows
#

---------------  S U M M A R Y ------------

Command Line: --add-modules=ALL-SYSTEM --add-opens=java.base/java.util=ALL-UNNAMED --add-opens=java.base/java.lang=ALL-UNNAMED --add-opens=java.base/sun.nio.fs=ALL-UNNAMED -Declipse.application=org.eclipse.jdt.ls.core.id1 -Dosgi.bundles.defaultStartLevel=4 -Declipse.product=org.eclipse.jdt.ls.core.product -Djava.import.generatesMetadataFilesAtProjectRoot=false -DDetectVMInstallationsJob.disabled=true -Dfile.encoding=utf8 -XX:+UseParallelGC -XX:GCTimeRatio=4 -XX:AdaptiveSizePolicyWeight=90 -Dsun.zip.disableMemoryMapping=true -Xmx2G -Xms100m -Xlog:disable -javaagent:c:\Users\BEX Technologies\.vscode\extensions\redhat.java-1.51.0-win32-x64\lombok\lombok-1.18.39-4050.jar -XX:+HeapDumpOnOutOfMemoryError -XX:HeapDumpPath=c:\Users\BEX Technologies\AppData\Roaming\Code\User\workspaceStorage\04cf068bf32bb1f79389a4f881e73633\redhat.java -Daether.dependencyCollector.impl=bf c:\Users\BEX Technologies\.vscode\extensions\redhat.java-1.51.0-win32-x64\server\plugins\org.eclipse.equinox.launcher_1.7.100.v20251111-0406.jar -configuration c:\Users\BEX Technologies\AppData\Roaming\Code\User\globalStorage\redhat.java\1.51.0\config_win -data c:\Users\BEX Technologies\AppData\Roaming\Code\User\workspaceStorage\04cf068bf32bb1f79389a4f881e73633\redhat.java\jdt_ws --pipe=\\.\pipe\lsp-8e4730554e7c81a2420d484f8b4587bf-sock

Host: Intel(R) Core(TM) i3-10110U CPU @ 2.10GHz, 4 cores, 7G,  Windows 11 , 64 bit Build 26100 (10.0.26100.7309)
Time: Thu Jan 29 17:49:00 2026 India Standard Time elapsed time: 23917.774161 seconds (0d 6h 38m 37s)

---------------  T H R E A D  ---------------

Current thread (0x000002379ff44bf0):  JavaThread "Attach Listener" daemon [_thread_in_vm, id=19784, stack(0x000000bd94500000,0x000000bd94600000) (1024K)]

Stack: [0x000000bd94500000,0x000000bd94600000]
Native frames: (J=compiled Java code, j=interpreted, Vv=VM code, C=native code)
V  [jvm.dll+0x6d6e29]
V  [jvm.dll+0x8b4b76]
V  [jvm.dll+0x8b712e]
V  [jvm.dll+0x8b7813]
V  [jvm.dll+0x283d86]
V  [jvm.dll+0xc1277]
V  [jvm.dll+0x6d76d9]
V  [jvm.dll+0x133466]
V  [jvm.dll+0x3f7ea6]
V  [jvm.dll+0x85e9ad]
V  [jvm.dll+0x6d565d]
C  [ucrtbase.dll+0x37b0]
C  [KERNEL32.DLL+0x2e8d7]
C  [ntdll.dll+0x8c53c]


---------------  P R O C E S S  ---------------

Threads class SMR info:
_java_thread_list=0x00000237fee4daa0, length=31, elements={
0x000002379dd3a0b0, 0x00000237a010d6b0, 0x000002379ff40b40, 0x000002379ff43cc0,
0x000002379ff44bf0, 0x000002379ff45640, 0x000002379ff46090, 0x000002379ff471c0,
0x000002379ffb5420, 0x00000237f87f2d10, 0x00000237f88f7dd0, 0x00000237fd49bcf0,
0x00000237fd49a940, 0x00000237fd49afd0, 0x00000237fd49a2b0, 0x00000237fd499c20,
0x00000237fd49b660, 0x00000237fd49c380, 0x00000237fd49ca10, 0x00000237fe2b93f0,
0x00000237fe2bb4c0, 0x00000237fe2bbb50, 0x00000237fe2bc1e0, 0x00000237fe2b8d60,
0x00000237fe2bc870, 0x00000237fe2bcf00, 0x00000237fe2b9a80, 0x00000237fe2bd590,
0x00000237fe2bdc20, 0x00000237fe2be2b0, 0x000002378177cf60
}

Java Threads: ( => current thread )
  0x000002379dd3a0b0 JavaThread "main"                              [_thread_blocked, id=14396, stack(0x000000bd93e00000,0x000000bd93f00000) (1024K)]
  0x00000237a010d6b0 JavaThread "Reference Handler"          daemon [_thread_blocked, id=9676, stack(0x000000bd94200000,0x000000bd94300000) (1024K)]
  0x000002379ff40b40 JavaThread "Finalizer"                  daemon [_thread_blocked, id=18372, stack(0x000000bd94300000,0x000000bd94400000) (1024K)]
  0x000002379ff43cc0 JavaThread "Signal Dispatcher"          daemon [_thread_blocked, id=10740, stack(0x000000bd94400000,0x000000bd94500000) (1024K)]
=>0x000002379ff44bf0 JavaThread "Attach Listener"            daemon [_thread_in_vm, id=19784, stack(0x000000bd94500000,0x000000bd94600000) (1024K)]
  0x000002379ff45640 JavaThread "Service Thread"             daemon [_thread_blocked, id=12268, stack(0x000000bd94600000,0x000000bd94700000) (1024K)]
  0x000002379ff46090 JavaThread "Monitor Deflation Thread"   daemon [_thread_blocked, id=16664, stack(0x000000bd94700000,0x000000bd94800000) (1024K)]
  0x000002379ff471c0 JavaThread "C2 CompilerThread0"         daemon [_thread_blocked, id=12808, stack(0x000000bd94800000,0x000000bd94900000) (1024K)]
  0x000002379ffb5420 JavaThread "C1 CompilerThread0"         daemon [_thread_blocked, id=19584, stack(0x000000bd94900000,0x000000bd94a00000) (1024K)]
  0x00000237f87f2d10 JavaThread "Common-Cleaner"             daemon [_thread_blocked, id=22368, stack(0x000000bd94a00000,0x000000bd94b00000) (1024K)]
  0x00000237f88f7dd0 JavaThread "Notification Thread"        daemon [_thread_blocked, id=6092, stack(0x000000bd94b00000,0x000000bd94c00000) (1024K)]
  0x00000237fd49bcf0 JavaThread "Active Thread: Equinox Container: b01704d6-28ea-4211-8c4d-23357ccaa8c6"        [_thread_blocked, id=17060, stack(0x000000bd95000000,0x000000bd95100000) (1024K)]
  0x00000237fd49a940 JavaThread "Refresh Thread: Equinox Container: b01704d6-28ea-4211-8c4d-23357ccaa8c6" daemon [_thread_blocked, id=23476, stack(0x000000bd94c00000,0x000000bd94d00000) (1024K)]
  0x00000237fd49afd0 JavaThread "Framework Event Dispatcher: Equinox Container: b01704d6-28ea-4211-8c4d-23357ccaa8c6" daemon [_thread_blocked, id=23544, stack(0x000000bd95100000,0x000000bd95200000) (1024K)]
  0x00000237fd49a2b0 JavaThread "Start Level: Equinox Container: b01704d6-28ea-4211-8c4d-23357ccaa8c6" daemon [_thread_blocked, id=21300, stack(0x000000bd95200000,0x000000bd95300000) (1024K)]
  0x00000237fd499c20 JavaThread "Bundle File Closer"         daemon [_thread_blocked, id=21328, stack(0x000000bd95300000,0x000000bd95400000) (1024K)]
  0x00000237fd49b660 JavaThread "SCR Component Actor"        daemon [_thread_blocked, id=22000, stack(0x000000bd95400000,0x000000bd95500000) (1024K)]
  0x00000237fd49c380 JavaThread "Worker-JM"                         [_thread_blocked, id=23088, stack(0x000000bd95600000,0x000000bd95700000) (1024K)]
  0x00000237fd49ca10 JavaThread "JNA Cleaner"                daemon [_thread_blocked, id=10960, stack(0x000000bd95500000,0x000000bd95600000) (1024K)]
  0x00000237fe2b93f0 JavaThread "Worker-1"                          [_thread_blocked, id=3564, stack(0x000000bd95900000,0x000000bd95a00000) (1024K)]
  0x00000237fe2bb4c0 JavaThread "Java indexing"              daemon [_thread_blocked, id=10544, stack(0x000000bd95b00000,0x000000bd95c00000) (1024K)]
  0x00000237fe2bbb50 JavaThread "Worker-4"                          [_thread_blocked, id=21928, stack(0x000000bd95f00000,0x000000bd96000000) (1024K)]
  0x00000237fe2bc1e0 JavaThread "Thread-1"                   daemon [_thread_in_native, id=19052, stack(0x000000bd96000000,0x000000bd96100000) (1024K)]
  0x00000237fe2b8d60 JavaThread "Thread-2"                   daemon [_thread_in_native, id=13232, stack(0x000000bd96100000,0x000000bd96200000) (1024K)]
  0x00000237fe2bc870 JavaThread "Thread-3"                   daemon [_thread_in_native, id=22296, stack(0x000000bd96200000,0x000000bd96300000) (1024K)]
  0x00000237fe2bcf00 JavaThread "Thread-4"                   daemon [_thread_in_native, id=5224, stack(0x000000bd96300000,0x000000bd96400000) (1024K)]
  0x00000237fe2b9a80 JavaThread "Thread-5"                   daemon [_thread_in_native, id=18800, stack(0x000000bd96400000,0x000000bd96500000) (1024K)]
  0x00000237fe2bd590 JavaThread "pool-2-thread-1"                   [_thread_blocked, id=22340, stack(0x000000bd96500000,0x000000bd96600000) (1024K)]
  0x00000237fe2bdc20 JavaThread "WorkspaceEventsHandler"            [_thread_blocked, id=4140, stack(0x000000bd96600000,0x000000bd96700000) (1024K)]
  0x00000237fe2be2b0 JavaThread "pool-1-thread-1"                   [_thread_blocked, id=23504, stack(0x000000bd96700000,0x000000bd96800000) (1024K)]
  0x000002378177cf60 JavaThread "Cleaner-0"                  daemon [_thread_blocked, id=12080, stack(0x000000bd96c00000,0x000000bd96d00000) (1024K)]
Total: 31

Other Threads:
  0x000002379ff3f720 VMThread "VM Thread"                           [id=22476, stack(0x000000bd94100000,0x000000bd94200000) (1024K)]
  0x000002379fedca00 WatcherThread "VM Periodic Task Thread"        [id=16224, stack(0x000000bd94000000,0x000000bd94100000) (1024K)]
  0x00000237a006b590 WorkerThread "GC Thread#0"                     [id=21872, stack(0x000000bd93f00000,0x000000bd94000000) (1024K)]
  0x00000237fd33e540 WorkerThread "GC Thread#1"                     [id=21084, stack(0x000000bd94d00000,0x000000bd94e00000) (1024K)]
  0x00000237fd33e8e0 WorkerThread "GC Thread#2"                     [id=19100, stack(0x000000bd94e00000,0x000000bd94f00000) (1024K)]
  0x00000237fd26d5b0 WorkerThread "GC Thread#3"                     [id=15484, stack(0x000000bd94f00000,0x000000bd95000000) (1024K)]
Total: 6

Threads with active compile tasks:
Total: 0

VM state: not at safepoint (normal execution)

VM Mutex/Monitor currently owned by a thread: None

Heap address: 0x0000000080000000, size: 2048 MB, Compressed Oops mode: 32-bit

CDS archive(s) mapped at: [0x00000237b7000000-0x00000237b7ba0000-0x00000237b7ba0000), size 12189696, SharedBaseAddress: 0x00000237b7000000, ArchiveRelocationMode: 1.
Compressed class space mapped at: 0x00000237b8000000-0x00000237f8000000, reserved size: 1073741824
Narrow klass base: 0x00000237b7000000, Narrow klass shift: 0, Narrow klass range: 0x100000000

GC Precious Log:
 CardTable entry size: 512
 CPUs: 4 total, 4 available
 Memory: 8026M
 Large Page Support: Disabled
 NUMA Support: Disabled
 Compressed Oops: Enabled (32-bit)
 Alignments: Space 512K, Generation 512K, Heap 2M
 Heap Min Capacity: 100M
 Heap Initial Capacity: 100M
 Heap Max Capacity: 2G
 Pre-touch: Disabled
 Parallel Workers: 4

Heap:
 PSYoungGen      total 3072K, used 1288K [0x00000000d5580000, 0x00000000d5980000, 0x0000000100000000)
  eden space 2048K, 42% used [0x00000000d5580000,0x00000000d565a048,0x00000000d5780000)
  from space 1024K, 40% used [0x00000000d5780000,0x00000000d57e8000,0x00000000d5880000)
  to   space 512K, 0% used [0x00000000d5900000,0x00000000d5900000,0x00000000d5980000)
 ParOldGen       total 276992K, used 276625K [0x0000000080000000, 0x0000000090e80000, 0x00000000d5580000)
  object space 276992K, 99% used [0x0000000080000000,0x0000000090e24708,0x0000000090e80000)
 Metaspace       used 74047K, committed 75712K, reserved 1179648K
  class space    used 7854K, committed 8512K, reserved 1048576K

Card table byte_map: [0x000002379f9f0000,0x000002379fe00000] _byte_map_base: 0x000002379f5f0000

Marking Bits: (ParMarkBitMap*) 0x00007ffb66ae2460
 Begin Bits: [0x00000237b2500000, 0x00000237b4500000)
 End Bits:   [0x00000237b4500000, 0x00000237b6500000)

Polling page: 0x000002379dce0000

Metaspace:

Usage:
  Non-class:     64.64 MB used.
      Class:      7.67 MB used.
       Both:     72.31 MB used.

Virtual space:
  Non-class space:      128.00 MB reserved,      65.62 MB ( 51%) committed,  2 nodes.
      Class space:        1.00 GB reserved,       8.31 MB ( <1%) committed,  1 nodes.
             Both:        1.12 GB reserved,      73.94 MB (  6%) committed. 

Chunk freelists:
   Non-Class:  14.24 MB
       Class:  7.64 MB
        Both:  21.88 MB

MaxMetaspaceSize: unlimited
CompressedClassSpaceSize: 1.00 GB
Initial GC threshold: 21.00 MB
Current GC threshold: 97.31 MB
CDS: on
 - commit_granule_bytes: 65536.
 - commit_granule_words: 8192.
 - virtual_space_node_default_size: 8388608.
 - enlarge_chunks_in_place: 1.
 - use_allocation_guard: 0.


Internal statistics:

num_allocs_failed_limit: 9.
num_arena_births: 1332.
num_arena_deaths: 14.
num_vsnodes_births: 3.
num_vsnodes_deaths: 0.
num_space_committed: 1183.
num_space_uncommitted: 0.
num_chunks_returned_to_freelist: 23.
num_chunks_taken_from_freelist: 4660.
num_chunk_merges: 8.
num_chunk_splits: 2882.
num_chunks_enlarged: 1630.
num_inconsistent_stats: 0.

CodeHeap 'non-profiled nmethods': size=120000Kb used=9815Kb max_used=9815Kb free=110184Kb
 bounds [0x00000237aad20000, 0x00000237ab6c0000, 0x00000237b2250000]
CodeHeap 'profiled nmethods': size=120000Kb used=28490Kb max_used=28490Kb free=91510Kb
 bounds [0x00000237a3250000, 0x00000237a4e30000, 0x00000237aa780000]
CodeHeap 'non-nmethods': size=5760Kb used=1494Kb max_used=1673Kb free=4265Kb
 bounds [0x00000237aa780000, 0x00000237aa9f0000, 0x00000237aad20000]
CodeCache: size=245760Kb, used=39799Kb, max_used=39978Kb, free=205959Kb
 total_blobs=13046, nmethods=12234, adapters=717, full_count=0
Compilation: enabled, stopped_count=0, restarted_count=0

Compilation events (20 events):
Event: 18297.187 Thread 0x000002379ffb5420 13071       3       java.util.logging.LogManager::getLogger (9 bytes)
Event: 18297.187 Thread 0x000002379ffb5420 nmethod 13071 0x00000237a4e20390 code [0x00000237a4e20540, 0x00000237a4e20750]
Event: 20541.564 Thread 0x000002379ffb5420 13072       1       org.eclipse.core.internal.jobs.JobManager::getLockManager (5 bytes)
Event: 20541.592 Thread 0x000002379ffb5420 nmethod 13072 0x00000237ab6b3a10 code [0x00000237ab6b3ba0, 0x00000237ab6b3c68]
Event: 22341.750 Thread 0x000002379ffb5420 13073       3       sun.security.provider.AbstractDrbg::engineNextBytes (15 bytes)
Event: 22341.804 Thread 0x000002379ffb5420 nmethod 13073 0x00000237a4e20890 code [0x00000237a4e20a40, 0x00000237a4e20be0]
Event: 22341.805 Thread 0x000002379ffb5420 13075       3       java.security.DrbgParameters$NextBytes::getAdditionalInput (22 bytes)
Event: 22341.815 Thread 0x000002379ffb5420 nmethod 13075 0x00000237a4e20c90 code [0x00000237a4e20e40, 0x00000237a4e21160]
Event: 22341.815 Thread 0x000002379ffb5420 13074       3       java.security.DrbgParameters::nextBytes (11 bytes)
Event: 22341.816 Thread 0x000002379ffb5420 nmethod 13074 0x00000237a4e21210 code [0x00000237a4e213c0, 0x00000237a4e21558]
Event: 22571.141 Thread 0x000002379ff471c0 13076       4       java.util.concurrent.ScheduledThreadPoolExecutor$ScheduledFutureTask::getDelay (16 bytes)
Event: 22571.235 Thread 0x000002379ff471c0 nmethod 13076 0x00000237ab6b3d10 code [0x00000237ab6b3ec0, 0x00000237ab6b4058]
Event: 23241.952 Thread 0x000002379ffb5420 13077   !   3       java.security.SecureRandom::nextBytes (46 bytes)
Event: 23241.981 Thread 0x000002379ffb5420 nmethod 13077 0x00000237a4e21610 code [0x00000237a4e21820, 0x00000237a4e21d30]
Event: 23241.982 Thread 0x000002379ffb5420 13079       3       org.eclipse.core.runtime.NullProgressMonitor::<init> (10 bytes)
Event: 23241.986 Thread 0x000002379ffb5420 nmethod 13079 0x00000237a4e22010 code [0x00000237a4e221c0, 0x00000237a4e22338]
Event: 23241.986 Thread 0x000002379ffb5420 13078       3       sun.security.provider.DRBG::engineNextBytes (9 bytes)
Event: 23241.987 Thread 0x000002379ffb5420 nmethod 13078 0x00000237a4e22410 code [0x00000237a4e225c0, 0x00000237a4e22700]
Event: 23782.147 Thread 0x000002379ff471c0 13080   !   4       java.util.concurrent.locks.AbstractQueuedSynchronizer::acquire (424 bytes)
Event: 23782.279 Thread 0x000002379ff471c0 nmethod 13080 0x00000237ab6b4210 code [0x00000237ab6b4480, 0x00000237ab6b5350]

GC Heap History (20 events):
Event: 6487.147 GC heap before
{Heap before GC invocations=293 (full 3):
 PSYoungGen      total 2560K, used 2234K [0x00000000d5580000, 0x00000000d5980000, 0x0000000100000000)
  eden space 2048K, 100% used [0x00000000d5580000,0x00000000d5780000,0x00000000d5780000)
  from space 512K, 36% used [0x00000000d5880000,0x00000000d58ae900,0x00000000d5900000)
  to   space 512K, 0% used [0x00000000d5900000,0x00000000d5900000,0x00000000d5980000)
 ParOldGen       total 250368K, used 249175K [0x0000000080000000, 0x000000008f480000, 0x00000000d5580000)
  object space 250368K, 99% used [0x0000000080000000,0x000000008f355fc0,0x000000008f480000)
 Metaspace       used 73972K, committed 75584K, reserved 1179648K
  class space    used 7854K, committed 8512K, reserved 1048576K
}
Event: 6487.149 GC heap after
{Heap after GC invocations=293 (full 3):
 PSYoungGen      total 2560K, used 154K [0x00000000d5580000, 0x00000000d5980000, 0x0000000100000000)
  eden space 2048K, 0% used [0x00000000d5580000,0x00000000d5580000,0x00000000d5780000)
  from space 512K, 30% used [0x00000000d5900000,0x00000000d5926900,0x00000000d5980000)
  to   space 512K, 0% used [0x00000000d5880000,0x00000000d5880000,0x00000000d5900000)
 ParOldGen       total 250368K, used 249199K [0x0000000080000000, 0x000000008f480000, 0x00000000d5580000)
  object space 250368K, 99% used [0x0000000080000000,0x000000008f35bfc0,0x000000008f480000)
 Metaspace       used 73972K, committed 75584K, reserved 1179648K
  class space    used 7854K, committed 8512K, reserved 1048576K
}
Event: 6487.208 GC heap before
{Heap before GC invocations=294 (full 3):
 PSYoungGen      total 2560K, used 2202K [0x00000000d5580000, 0x00000000d5980000, 0x0000000100000000)
  eden space 2048K, 100% used [0x00000000d5580000,0x00000000d5780000,0x00000000d5780000)
  from space 512K, 30% used [0x00000000d5900000,0x00000000d5926900,0x00000000d5980000)
  to   space 512K, 0% used [0x00000000d5880000,0x00000000d5880000,0x00000000d5900000)
 ParOldGen       total 256512K, used 254487K [0x0000000080000000, 0x000000008fa80000, 0x00000000d5580000)
  object space 256512K, 99% used [0x0000000080000000,0x000000008f885eb0,0x000000008fa80000)
 Metaspace       used 73973K, committed 75584K, reserved 1179648K
  class space    used 7854K, committed 8512K, reserved 1048576K
}
Event: 6487.208 GC heap after
{Heap after GC invocations=294 (full 3):
 PSYoungGen      total 2560K, used 256K [0x00000000d5580000, 0x00000000d5980000, 0x0000000100000000)
  eden space 2048K, 0% used [0x00000000d5580000,0x00000000d5580000,0x00000000d5780000)
  from space 512K, 50% used [0x00000000d5880000,0x00000000d58c0000,0x00000000d5900000)
  to   space 512K, 0% used [0x00000000d5900000,0x00000000d5900000,0x00000000d5980000)
 ParOldGen       total 256512K, used 254572K [0x0000000080000000, 0x000000008fa80000, 0x00000000d5580000)
  object space 256512K, 99% used [0x0000000080000000,0x000000008f89b0b0,0x000000008fa80000)
 Metaspace       used 73973K, committed 75584K, reserved 1179648K
  class space    used 7854K, committed 8512K, reserved 1048576K
}
Event: 6487.253 GC heap before
{Heap before GC invocations=295 (full 3):
 PSYoungGen      total 2560K, used 2304K [0x00000000d5580000, 0x00000000d5980000, 0x0000000100000000)
  eden space 2048K, 100% used [0x00000000d5580000,0x00000000d5780000,0x00000000d5780000)
  from space 512K, 50% used [0x00000000d5880000,0x00000000d58c0000,0x00000000d5900000)
  to   space 512K, 0% used [0x00000000d5900000,0x00000000d5900000,0x00000000d5980000)
 ParOldGen       total 262656K, used 261622K [0x0000000080000000, 0x0000000090080000, 0x00000000d5580000)
  object space 262656K, 99% used [0x0000000080000000,0x000000008ff7d9f0,0x0000000090080000)
 Metaspace       used 73981K, committed 75584K, reserved 1179648K
  class space    used 7854K, committed 8512K, reserved 1048576K
}
Event: 6487.254 GC heap after
{Heap after GC invocations=295 (full 3):
 PSYoungGen      total 2560K, used 250K [0x00000000d5580000, 0x00000000d5980000, 0x0000000100000000)
  eden space 2048K, 0% used [0x00000000d5580000,0x00000000d5580000,0x00000000d5780000)
  from space 512K, 48% used [0x00000000d5900000,0x00000000d593e900,0x00000000d5980000)
  to   space 512K, 0% used [0x00000000d5880000,0x00000000d5880000,0x00000000d5900000)
 ParOldGen       total 262656K, used 261654K [0x0000000080000000, 0x0000000090080000, 0x00000000d5580000)
  object space 262656K, 99% used [0x0000000080000000,0x000000008ff859f0,0x0000000090080000)
 Metaspace       used 73981K, committed 75584K, reserved 1179648K
  class space    used 7854K, committed 8512K, reserved 1048576K
}
Event: 6487.279 GC heap before
{Heap before GC invocations=296 (full 3):
 PSYoungGen      total 2560K, used 2298K [0x00000000d5580000, 0x00000000d5980000, 0x0000000100000000)
  eden space 2048K, 100% used [0x00000000d5580000,0x00000000d5780000,0x00000000d5780000)
  from space 512K, 48% used [0x00000000d5900000,0x00000000d593e900,0x00000000d5980000)
  to   space 512K, 0% used [0x00000000d5880000,0x00000000d5880000,0x00000000d5900000)
 ParOldGen       total 264704K, used 263417K [0x0000000080000000, 0x0000000090280000, 0x00000000d5580000)
  object space 264704K, 99% used [0x0000000080000000,0x000000009013e440,0x0000000090280000)
 Metaspace       used 73982K, committed 75584K, reserved 1179648K
  class space    used 7854K, committed 8512K, reserved 1048576K
}
Event: 6487.281 GC heap after
{Heap after GC invocations=296 (full 3):
 PSYoungGen      total 2560K, used 96K [0x00000000d5580000, 0x00000000d5980000, 0x0000000100000000)
  eden space 2048K, 0% used [0x00000000d5580000,0x00000000d5580000,0x00000000d5780000)
  from space 512K, 18% used [0x00000000d5880000,0x00000000d5898000,0x00000000d5900000)
  to   space 512K, 0% used [0x00000000d5900000,0x00000000d5900000,0x00000000d5980000)
 ParOldGen       total 264704K, used 263473K [0x0000000080000000, 0x0000000090280000, 0x00000000d5580000)
  object space 264704K, 99% used [0x0000000080000000,0x000000009014c440,0x0000000090280000)
 Metaspace       used 73982K, committed 75584K, reserved 1179648K
  class space    used 7854K, committed 8512K, reserved 1048576K
}
Event: 6487.327 GC heap before
{Heap before GC invocations=297 (full 3):
 PSYoungGen      total 2560K, used 2143K [0x00000000d5580000, 0x00000000d5980000, 0x0000000100000000)
  eden space 2048K, 99% used [0x00000000d5580000,0x00000000d577fff0,0x00000000d5780000)
  from space 512K, 18% used [0x00000000d5880000,0x00000000d5898000,0x00000000d5900000)
  to   space 512K, 0% used [0x00000000d5900000,0x00000000d5900000,0x00000000d5980000)
 ParOldGen       total 266752K, used 265235K [0x0000000080000000, 0x0000000090480000, 0x00000000d5580000)
  object space 266752K, 99% used [0x0000000080000000,0x0000000090304e90,0x0000000090480000)
 Metaspace       used 73983K, committed 75584K, reserved 1179648K
  class space    used 7854K, committed 8512K, reserved 1048576K
}
Event: 6487.329 GC heap after
{Heap after GC invocations=297 (full 3):
 PSYoungGen      total 2560K, used 282K [0x00000000d5580000, 0x00000000d5980000, 0x0000000100000000)
  eden space 2048K, 0% used [0x00000000d5580000,0x00000000d5580000,0x00000000d5780000)
  from space 512K, 55% used [0x00000000d5900000,0x00000000d5946900,0x00000000d5980000)
  to   space 512K, 0% used [0x00000000d5880000,0x00000000d5880000,0x00000000d5900000)
 ParOldGen       total 266752K, used 265267K [0x0000000080000000, 0x0000000090480000, 0x00000000d5580000)
  object space 266752K, 99% used [0x0000000080000000,0x000000009030ce90,0x0000000090480000)
 Metaspace       used 73983K, committed 75584K, reserved 1179648K
  class space    used 7854K, committed 8512K, reserved 1048576K
}
Event: 6487.414 GC heap before
{Heap before GC invocations=298 (full 3):
 PSYoungGen      total 2560K, used 2330K [0x00000000d5580000, 0x00000000d5980000, 0x0000000100000000)
  eden space 2048K, 100% used [0x00000000d5580000,0x00000000d5780000,0x00000000d5780000)
  from space 512K, 55% used [0x00000000d5900000,0x00000000d5946900,0x00000000d5980000)
  to   space 512K, 0% used [0x00000000d5880000,0x00000000d5880000,0x00000000d5900000)
 ParOldGen       total 268800K, used 267030K [0x0000000080000000, 0x0000000090680000, 0x00000000d5580000)
  object space 268800K, 99% used [0x0000000080000000,0x00000000904c58e0,0x0000000090680000)
 Metaspace       used 73984K, committed 75584K, reserved 1179648K
  class space    used 7854K, committed 8512K, reserved 1048576K
}
Event: 6487.416 GC heap after
{Heap after GC invocations=298 (full 3):
 PSYoungGen      total 2560K, used 501K [0x00000000d5580000, 0x00000000d5980000, 0x0000000100000000)
  eden space 2048K, 0% used [0x00000000d5580000,0x00000000d5580000,0x00000000d5780000)
  from space 512K, 97% used [0x00000000d5880000,0x00000000d58fd600,0x00000000d5900000)
  to   space 512K, 0% used [0x00000000d5900000,0x00000000d5900000,0x00000000d5980000)
 ParOldGen       total 268800K, used 267046K [0x0000000080000000, 0x0000000090680000, 0x00000000d5580000)
  object space 268800K, 99% used [0x0000000080000000,0x00000000904c98e0,0x0000000090680000)
 Metaspace       used 73984K, committed 75584K, reserved 1179648K
  class space    used 7854K, committed 8512K, reserved 1048576K
}
Event: 6487.442 GC heap before
{Heap before GC invocations=299 (full 3):
 PSYoungGen      total 2560K, used 2537K [0x00000000d5580000, 0x00000000d5980000, 0x0000000100000000)
  eden space 2048K, 99% used [0x00000000d5580000,0x00000000d577ce78,0x00000000d5780000)
  from space 512K, 97% used [0x00000000d5880000,0x00000000d58fd600,0x00000000d5900000)
  to   space 512K, 0% used [0x00000000d5900000,0x00000000d5900000,0x00000000d5980000)
 ParOldGen       total 272896K, used 272333K [0x0000000080000000, 0x0000000090a80000, 0x00000000d5580000)
  object space 272896K, 99% used [0x0000000080000000,0x00000000909f37d0,0x0000000090a80000)
 Metaspace       used 73985K, committed 75584K, reserved 1179648K
  class space    used 7854K, committed 8512K, reserved 1048576K
}
Event: 6487.444 GC heap after
{Heap after GC invocations=299 (full 3):
 PSYoungGen      total 2560K, used 386K [0x00000000d5580000, 0x00000000d5980000, 0x0000000100000000)
  eden space 2048K, 0% used [0x00000000d5580000,0x00000000d5580000,0x00000000d5780000)
  from space 512K, 75% used [0x00000000d5900000,0x00000000d59609a8,0x00000000d5980000)
  to   space 512K, 0% used [0x00000000d5880000,0x00000000d5880000,0x00000000d5900000)
 ParOldGen       total 272896K, used 272520K [0x0000000080000000, 0x0000000090a80000, 0x00000000d5580000)
  object space 272896K, 99% used [0x0000000080000000,0x0000000090a22380,0x0000000090a80000)
 Metaspace       used 73985K, committed 75584K, reserved 1179648K
  class space    used 7854K, committed 8512K, reserved 1048576K
}
Event: 6487.458 GC heap before
{Heap before GC invocations=300 (full 3):
 PSYoungGen      total 2560K, used 2434K [0x00000000d5580000, 0x00000000d5980000, 0x0000000100000000)
  eden space 2048K, 100% used [0x00000000d5580000,0x00000000d5780000,0x00000000d5780000)
  from space 512K, 75% used [0x00000000d5900000,0x00000000d59609a8,0x00000000d5980000)
  to   space 512K, 0% used [0x00000000d5880000,0x00000000d5880000,0x00000000d5900000)
 ParOldGen       total 276992K, used 276046K [0x0000000080000000, 0x0000000090e80000, 0x00000000d5580000)
  object space 276992K, 99% used [0x0000000080000000,0x0000000090d93820,0x0000000090e80000)
 Metaspace       used 73985K, committed 75584K, reserved 1179648K
  class space    used 7854K, committed 8512K, reserved 1048576K
}
Event: 6487.460 GC heap after
{Heap after GC invocations=300 (full 3):
 PSYoungGen      total 2560K, used 160K [0x00000000d5580000, 0x00000000d5980000, 0x0000000100000000)
  eden space 2048K, 0% used [0x00000000d5580000,0x00000000d5580000,0x00000000d5780000)
  from space 512K, 31% used [0x00000000d5880000,0x00000000d58a8000,0x00000000d5900000)
  to   space 512K, 0% used [0x00000000d5900000,0x00000000d5900000,0x00000000d5980000)
 ParOldGen       total 276992K, used 276114K [0x0000000080000000, 0x0000000090e80000, 0x00000000d5580000)
  object space 276992K, 99% used [0x0000000080000000,0x0000000090da4830,0x0000000090e80000)
 Metaspace       used 73985K, committed 75584K, reserved 1179648K
  class space    used 7854K, committed 8512K, reserved 1048576K
}
Event: 6487.481 GC heap before
{Heap before GC invocations=301 (full 3):
 PSYoungGen      total 2560K, used 2208K [0x00000000d5580000, 0x00000000d5980000, 0x0000000100000000)
  eden space 2048K, 100% used [0x00000000d5580000,0x00000000d5780000,0x00000000d5780000)
  from space 512K, 31% used [0x00000000d5880000,0x00000000d58a8000,0x00000000d5900000)
  to   space 512K, 0% used [0x00000000d5900000,0x00000000d5900000,0x00000000d5980000)
 ParOldGen       total 276992K, used 276114K [0x0000000080000000, 0x0000000090e80000, 0x00000000d5580000)
  object space 276992K, 99% used [0x0000000080000000,0x0000000090da4830,0x0000000090e80000)
 Metaspace       used 73995K, committed 75584K, reserved 1179648K
  class space    used 7854K, committed 8512K, reserved 1048576K
}
Event: 6487.483 GC heap after
{Heap after GC invocations=301 (full 3):
 PSYoungGen      total 2560K, used 500K [0x00000000d5580000, 0x00000000d5980000, 0x0000000100000000)
  eden space 2048K, 0% used [0x00000000d5580000,0x00000000d5580000,0x00000000d5780000)
  from space 512K, 97% used [0x00000000d5900000,0x00000000d597d200,0x00000000d5980000)
  to   space 1024K, 0% used [0x00000000d5780000,0x00000000d5780000,0x00000000d5880000)
 ParOldGen       total 276992K, used 276226K [0x0000000080000000, 0x0000000090e80000, 0x00000000d5580000)
  object space 276992K, 99% used [0x0000000080000000,0x0000000090dc0830,0x0000000090e80000)
 Metaspace       used 73995K, committed 75584K, reserved 1179648K
  class space    used 7854K, committed 8512K, reserved 1048576K
}
Event: 6487.494 GC heap before
{Heap before GC invocations=302 (full 3):
 PSYoungGen      total 2560K, used 2548K [0x00000000d5580000, 0x00000000d5980000, 0x0000000100000000)
  eden space 2048K, 100% used [0x00000000d5580000,0x00000000d5780000,0x00000000d5780000)
  from space 512K, 97% used [0x00000000d5900000,0x00000000d597d200,0x00000000d5980000)
  to   space 1024K, 0% used [0x00000000d5780000,0x00000000d5780000,0x00000000d5880000)
 ParOldGen       total 276992K, used 276226K [0x0000000080000000, 0x0000000090e80000, 0x00000000d5580000)
  object space 276992K, 99% used [0x0000000080000000,0x0000000090dc0830,0x0000000090e80000)
 Metaspace       used 73997K, committed 75584K, reserved 1179648K
  class space    used 7854K, committed 8512K, reserved 1048576K
}
Event: 6487.496 GC heap after
{Heap after GC invocations=302 (full 3):
 PSYoungGen      total 3072K, used 416K [0x00000000d5580000, 0x00000000d5980000, 0x0000000100000000)
  eden space 2048K, 0% used [0x00000000d5580000,0x00000000d5580000,0x00000000d5780000)
  from space 1024K, 40% used [0x00000000d5780000,0x00000000d57e8000,0x00000000d5880000)
  to   space 512K, 0% used [0x00000000d5900000,0x00000000d5900000,0x00000000d5980000)
 ParOldGen       total 276992K, used 276625K [0x0000000080000000, 0x0000000090e80000, 0x00000000d5580000)
  object space 276992K, 99% used [0x0000000080000000,0x0000000090e24708,0x0000000090e80000)
 Metaspace       used 73997K, committed 75584K, reserved 1179648K
  class space    used 7854K, committed 8512K, reserved 1048576K
}

Dll operation events (12 events):
Event: 0.031 Loaded shared library c:\Users\BEX Technologies\.vscode\extensions\redhat.java-1.51.0-win32-x64\jre\21.0.9-win32-x86_64\bin\java.dll
Event: 0.157 Loaded shared library c:\Users\BEX Technologies\.vscode\extensions\redhat.java-1.51.0-win32-x64\jre\21.0.9-win32-x86_64\bin\zip.dll
Event: 0.184 Loaded shared library C:\Users\BEX Technologies\.vscode\extensions\redhat.java-1.51.0-win32-x64\jre\21.0.9-win32-x86_64\bin\instrument.dll
Event: 0.217 Loaded shared library C:\Users\BEX Technologies\.vscode\extensions\redhat.java-1.51.0-win32-x64\jre\21.0.9-win32-x86_64\bin\net.dll
Event: 0.220 Loaded shared library C:\Users\BEX Technologies\.vscode\extensions\redhat.java-1.51.0-win32-x64\jre\21.0.9-win32-x86_64\bin\nio.dll
Event: 0.225 Loaded shared library C:\Users\BEX Technologies\.vscode\extensions\redhat.java-1.51.0-win32-x64\jre\21.0.9-win32-x86_64\bin\zip.dll
Event: 0.251 Loaded shared library C:\Users\BEX Technologies\.vscode\extensions\redhat.java-1.51.0-win32-x64\jre\21.0.9-win32-x86_64\bin\jimage.dll
Event: 0.380 Loaded shared library c:\Users\BEX Technologies\.vscode\extensions\redhat.java-1.51.0-win32-x64\jre\21.0.9-win32-x86_64\bin\verify.dll
Event: 16.997 Loaded shared library C:\Users\BEX Technologies\AppData\Roaming\Code\User\globalStorage\redhat.java\1.51.0\config_win\org.eclipse.equinox.launcher\org.eclipse.equinox.launcher.win32.win32.x86_64_1.2.1400.v20250801-0854\eclipse_11916.dll
Event: 36.881 Loaded shared library C:\Users\BEX Technologies\AppData\Local\Temp\jna--1788278635\jna1286172060039151331.dll
Event: 39.751 Loaded shared library C:\Users\BEX Technologies\.vscode\extensions\redhat.java-1.51.0-win32-x64\jre\21.0.9-win32-x86_64\bin\sunmscapi.dll
Event: 40.031 Loaded shared library C:\Users\BEX Technologies\.vscode\extensions\redhat.java-1.51.0-win32-x64\jre\21.0.9-win32-x86_64\bin\extnet.dll

Deoptimization events (20 events):
Event: 6486.982 Thread 0x000002378177c8d0 DEOPT PACKING pc=0x00000237a4b5ab61 sp=0x000000bd93cfd8c0
Event: 6486.983 Thread 0x000002378177c8d0 DEOPT UNPACKING pc=0x00000237aa7d4242 sp=0x000000bd93cfcdf0 mode 0
Event: 6487.011 Thread 0x000002378177c8d0 DEOPT PACKING pc=0x00000237a4b5ab61 sp=0x000000bd93cfd8c0
Event: 6487.011 Thread 0x000002378177c8d0 DEOPT UNPACKING pc=0x00000237aa7d4242 sp=0x000000bd93cfcdf0 mode 0
Event: 6487.126 Thread 0x000002378177c8d0 DEOPT PACKING pc=0x00000237a496e3f1 sp=0x000000bd93cfddb0
Event: 6487.126 Thread 0x000002378177c8d0 DEOPT UNPACKING pc=0x00000237aa7d4242 sp=0x000000bd93cfd280 mode 0
Event: 6487.127 Thread 0x000002378177c8d0 DEOPT PACKING pc=0x00000237a496e351 sp=0x000000bd93cfddb0
Event: 6487.127 Thread 0x000002378177c8d0 DEOPT UNPACKING pc=0x00000237aa7d4242 sp=0x000000bd93cfd280 mode 0
Event: 6487.163 Thread 0x000002378177c8d0 DEOPT PACKING pc=0x00000237a496e351 sp=0x000000bd93cfdd40
Event: 6487.164 Thread 0x000002378177c8d0 DEOPT UNPACKING pc=0x00000237aa7d4242 sp=0x000000bd93cfd228 mode 0
Event: 6487.164 Thread 0x000002378177c8d0 DEOPT PACKING pc=0x00000237a496e351 sp=0x000000bd93cfdd40
Event: 6487.164 Thread 0x000002378177c8d0 DEOPT UNPACKING pc=0x00000237aa7d4242 sp=0x000000bd93cfd228 mode 0
Event: 6487.174 Thread 0x000002378177c8d0 DEOPT PACKING pc=0x00000237a496e351 sp=0x000000bd93cfddb0
Event: 6487.174 Thread 0x000002378177c8d0 DEOPT UNPACKING pc=0x00000237aa7d4242 sp=0x000000bd93cfd280 mode 0
Event: 6487.306 Thread 0x000002378177c8d0 DEOPT PACKING pc=0x00000237a4bcd04c sp=0x000000bd93cfddb0
Event: 6487.306 Thread 0x000002378177c8d0 DEOPT UNPACKING pc=0x00000237aa7d4242 sp=0x000000bd93cfd1f0 mode 0
Event: 6487.306 Thread 0x000002378177c8d0 Uncommon trap: trap_request=0xffffff45 fr.pc=0x00000237ab5519f4 relative=0x0000000000000af4
Event: 6487.306 Thread 0x000002378177c8d0 Uncommon trap: reason=unstable_if action=reinterpret pc=0x00000237ab5519f4 method=org.eclipse.jdt.internal.compiler.parser.Scanner.internalScanIdentifierOrKeyword(II[C)Lorg/eclipse/jdt/internal/compiler/parser/TerminalToken; @ 3784 c2
Event: 6487.306 Thread 0x000002378177c8d0 DEOPT PACKING pc=0x00000237ab5519f4 sp=0x000000bd93cfde30
Event: 6487.306 Thread 0x000002378177c8d0 DEOPT UNPACKING pc=0x00000237aa7d3aa2 sp=0x000000bd93cfddd0 mode 2

Classes loaded (20 events):
Event: 50.222 Loading class java/util/zip/GZIPInputStream$1
Event: 50.222 Loading class java/util/zip/GZIPInputStream$1 done
Event: 61.723 Loading class sun/nio/cs/ISO_8859_1$Decoder
Event: 61.723 Loading class sun/nio/cs/ISO_8859_1$Decoder done
Event: 65.466 Loading class java/lang/invoke/MethodHandleImpl$CountingWrapper$1
Event: 65.467 Loading class java/lang/invoke/MethodHandleImpl$CountingWrapper$1 done
Event: 69.362 Loading class java/util/stream/ReduceOps$4
Event: 69.362 Loading class java/util/stream/ReduceOps$4 done
Event: 69.363 Loading class java/util/stream/ReduceOps$4ReducingSink
Event: 69.363 Loading class java/util/stream/ReduceOps$4ReducingSink done
Event: 73.853 Loading class jdk/internal/ref/CleanerImpl$InnocuousThreadFactory
Event: 73.855 Loading class jdk/internal/ref/CleanerImpl$InnocuousThreadFactory done
Event: 73.975 Loading class java/nio/file/Files$2
Event: 73.975 Loading class java/nio/file/Files$2 done
Event: 74.213 Loading class java/util/stream/DistinctOps
Event: 74.213 Loading class java/util/stream/DistinctOps done
Event: 74.213 Loading class java/util/stream/DistinctOps$1
Event: 74.214 Loading class java/util/stream/DistinctOps$1 done
Event: 74.234 Loading class java/util/stream/DistinctOps$1$2
Event: 74.234 Loading class java/util/stream/DistinctOps$1$2 done

Classes unloaded (7 events):
Event: 37.438 Thread 0x000002379ff3f720 Unloading class 0x00000237b81a5000 'java/lang/invoke/LambdaForm$MH+0x00000237b81a5000'
Event: 37.438 Thread 0x000002379ff3f720 Unloading class 0x00000237b81a4c00 'java/lang/invoke/LambdaForm$MH+0x00000237b81a4c00'
Event: 37.438 Thread 0x000002379ff3f720 Unloading class 0x00000237b81a4800 'java/lang/invoke/LambdaForm$MH+0x00000237b81a4800'
Event: 37.438 Thread 0x000002379ff3f720 Unloading class 0x00000237b81a4400 'java/lang/invoke/LambdaForm$MH+0x00000237b81a4400'
Event: 37.438 Thread 0x000002379ff3f720 Unloading class 0x00000237b81a4000 'java/lang/invoke/LambdaForm$BMH+0x00000237b81a4000'
Event: 37.438 Thread 0x000002379ff3f720 Unloading class 0x00000237b81a3c00 'java/lang/invoke/LambdaForm$DMH+0x00000237b81a3c00'
Event: 37.438 Thread 0x000002379ff3f720 Unloading class 0x00000237b81a2800 'java/lang/invoke/LambdaForm$DMH+0x00000237b81a2800'

Classes redefined (0 events):
No events

Internal exceptions (20 events):
Event: 80.669 Thread 0x00000237fe2b93f0 Exception <a 'sun/nio/fs/WindowsException'{0x00000000d56de0e8}> (0x00000000d56de0e8) 
thrown [s\src\hotspot\share\prims\jni.cpp, line 520]
Event: 82.046 Thread 0x00000237fe2be2b0 Exception <a 'java/lang/IncompatibleClassChangeError'{0x00000000d57b7920}: Found class java.lang.Object, but interface was expected> (0x00000000d57b7920) 
thrown [s\src\hotspot\share\interpreter\linkResolver.cpp, line 840]
Event: 490.904 Thread 0x00000237fe2be2b0 Exception <a 'java/lang/IncompatibleClassChangeError'{0x00000000d58ac650}: Found class java.lang.Object, but interface was expected> (0x00000000d58ac650) 
thrown [s\src\hotspot\share\interpreter\linkResolver.cpp, line 840]
Event: 491.171 Thread 0x000002378177d5f0 Exception <a 'java/lang/NoSuchMethodError'{0x00000000d5992050}: 'java.lang.Object java.lang.invoke.DirectMethodHandle$Holder.invokeStatic(java.lang.Object, int, java.lang.Object)'> (0x00000000d5992050) 
thrown [s\src\hotspot\share\interpreter\linkResolver.cpp, line 773]
Event: 6486.526 Thread 0x000002378177c8d0 Exception <a 'sun/nio/fs/WindowsException'{0x00000000d575afa0}> (0x00000000d575afa0) 
thrown [s\src\hotspot\share\prims\jni.cpp, line 520]
Event: 6486.526 Thread 0x000002378177c8d0 Exception <a 'sun/nio/fs/WindowsException'{0x00000000d575b880}> (0x00000000d575b880) 
thrown [s\src\hotspot\share\prims\jni.cpp, line 520]
Event: 6486.849 Thread 0x000002378177c8d0 Exception <a 'sun/nio/fs/WindowsException'{0x00000000d570b210}> (0x00000000d570b210) 
thrown [s\src\hotspot\share\prims\jni.cpp, line 520]
Event: 6486.849 Thread 0x000002378177c8d0 Exception <a 'sun/nio/fs/WindowsException'{0x00000000d570baf0}> (0x00000000d570baf0) 
thrown [s\src\hotspot\share\prims\jni.cpp, line 520]
Event: 6487.077 Thread 0x000002378177c8d0 Exception <a 'sun/nio/fs/WindowsException'{0x00000000d573b6e8}> (0x00000000d573b6e8) 
thrown [s\src\hotspot\share\prims\jni.cpp, line 520]
Event: 6487.077 Thread 0x000002378177c8d0 Exception <a 'sun/nio/fs/WindowsException'{0x00000000d573bfc8}> (0x00000000d573bfc8) 
thrown [s\src\hotspot\share\prims\jni.cpp, line 520]
Event: 6487.135 Thread 0x000002378177c8d0 Exception <a 'sun/nio/fs/WindowsException'{0x00000000d571d9b8}> (0x00000000d571d9b8) 
thrown [s\src\hotspot\share\prims\jni.cpp, line 520]
Event: 6487.135 Thread 0x000002378177c8d0 Exception <a 'sun/nio/fs/WindowsException'{0x00000000d571e298}> (0x00000000d571e298) 
thrown [s\src\hotspot\share\prims\jni.cpp, line 520]
Event: 6487.241 Thread 0x000002378177c8d0 Exception <a 'sun/nio/fs/WindowsException'{0x00000000d56f6f48}> (0x00000000d56f6f48) 
thrown [s\src\hotspot\share\prims\jni.cpp, line 520]
Event: 6487.241 Thread 0x000002378177c8d0 Exception <a 'sun/nio/fs/WindowsException'{0x00000000d56f7828}> (0x00000000d56f7828) 
thrown [s\src\hotspot\share\prims\jni.cpp, line 520]
Event: 6487.278 Thread 0x000002378177c8d0 Exception <a 'sun/nio/fs/WindowsException'{0x00000000d5773a88}> (0x00000000d5773a88) 
thrown [s\src\hotspot\share\prims\jni.cpp, line 520]
Event: 6487.278 Thread 0x000002378177c8d0 Exception <a 'sun/nio/fs/WindowsException'{0x00000000d5774368}> (0x00000000d5774368) 
thrown [s\src\hotspot\share\prims\jni.cpp, line 520]
Event: 6487.331 Thread 0x000002378177c8d0 Exception <a 'sun/nio/fs/WindowsException'{0x00000000d55ccd80}> (0x00000000d55ccd80) 
thrown [s\src\hotspot\share\prims\jni.cpp, line 520]
Event: 6487.331 Thread 0x000002378177c8d0 Exception <a 'sun/nio/fs/WindowsException'{0x00000000d55cd660}> (0x00000000d55cd660) 
thrown [s\src\hotspot\share\prims\jni.cpp, line 520]
Event: 6487.499 Thread 0x000002378177c8d0 Exception <a 'sun/nio/fs/WindowsException'{0x00000000d55cc940}> (0x00000000d55cc940) 
thrown [s\src\hotspot\share\prims\jni.cpp, line 520]
Event: 6487.499 Thread 0x000002378177c8d0 Exception <a 'sun/nio/fs/WindowsException'{0x00000000d55cd220}> (0x00000000d55cd220) 
thrown [s\src\hotspot\share\prims\jni.cpp, line 520]

ZGC Phase Switch (0 events):
No events

VM Operations (20 events):
Event: 23385.030 Executing VM operation: HandshakeAllThreads (HandshakeForDeflation)
Event: 23385.030 Executing VM operation: HandshakeAllThreads (HandshakeForDeflation) done
Event: 23385.031 Executing VM operation: RendezvousGCThreads
Event: 23385.031 Executing VM operation: RendezvousGCThreads done
Event: 23505.314 Executing VM operation: HandshakeAllThreads (HandshakeForDeflation)
Event: 23505.321 Executing VM operation: HandshakeAllThreads (HandshakeForDeflation) done
Event: 23505.321 Executing VM operation: RendezvousGCThreads
Event: 23505.321 Executing VM operation: RendezvousGCThreads done
Event: 23745.622 Executing VM operation: HandshakeAllThreads (HandshakeForDeflation)
Event: 23745.626 Executing VM operation: HandshakeAllThreads (HandshakeForDeflation) done
Event: 23745.627 Executing VM operation: RendezvousGCThreads
Event: 23745.627 Executing VM operation: RendezvousGCThreads done
Event: 23805.851 Executing VM operation: HandshakeAllThreads (HandshakeForDeflation)
Event: 23805.939 Executing VM operation: HandshakeAllThreads (HandshakeForDeflation) done
Event: 23805.941 Executing VM operation: RendezvousGCThreads
Event: 23805.941 Executing VM operation: RendezvousGCThreads done
Event: 23866.066 Executing VM operation: HandshakeAllThreads (HandshakeForDeflation)
Event: 23866.157 Executing VM operation: HandshakeAllThreads (HandshakeForDeflation) done
Event: 23866.157 Executing VM operation: RendezvousGCThreads
Event: 23866.163 Executing VM operation: RendezvousGCThreads done

Memory protections (0 events):
No events

Nmethod flushes (20 events):
Event: 47.437 Thread 0x000002379ff3f720 flushing  nmethod 0x00000237a3afbb90
Event: 47.437 Thread 0x000002379ff3f720 flushing osr nmethod 0x00000237a3b00690
Event: 47.437 Thread 0x000002379ff3f720 flushing osr nmethod 0x00000237a3b04290
Event: 47.437 Thread 0x000002379ff3f720 flushing osr nmethod 0x00000237a3b4ab10
Event: 47.437 Thread 0x000002379ff3f720 flushing  nmethod 0x00000237a3b75d90
Event: 47.437 Thread 0x000002379ff3f720 flushing  nmethod 0x00000237a3b80110
Event: 47.437 Thread 0x000002379ff3f720 flushing  nmethod 0x00000237a3b80b10
Event: 47.437 Thread 0x000002379ff3f720 flushing  nmethod 0x00000237a3b81490
Event: 47.437 Thread 0x000002379ff3f720 flushing  nmethod 0x00000237a3b86d90
Event: 47.437 Thread 0x000002379ff3f720 flushing  nmethod 0x00000237a3b87110
Event: 47.437 Thread 0x000002379ff3f720 flushing  nmethod 0x00000237a3b9bd10
Event: 47.437 Thread 0x000002379ff3f720 flushing  nmethod 0x00000237a3b9c410
Event: 47.437 Thread 0x000002379ff3f720 flushing  nmethod 0x00000237a3b9ca10
Event: 47.437 Thread 0x000002379ff3f720 flushing  nmethod 0x00000237a3b9d890
Event: 47.437 Thread 0x000002379ff3f720 flushing  nmethod 0x00000237a3ba1090
Event: 47.437 Thread 0x000002379ff3f720 flushing  nmethod 0x00000237a3bb1290
Event: 47.437 Thread 0x000002379ff3f720 flushing  nmethod 0x00000237a3bba010
Event: 47.437 Thread 0x000002379ff3f720 flushing  nmethod 0x00000237a3bc3310
Event: 47.437 Thread 0x000002379ff3f720 flushing  nmethod 0x00000237a3c04690
Event: 47.437 Thread 0x000002379ff3f720 flushing  nmethod 0x00000237a3c1e110

Events (20 events):
Event: 80.656 Thread 0x0000023780c444d0 Thread exited: 0x0000023780c444d0
Event: 135.916 Thread 0x00000237fd499590 Thread exited: 0x00000237fd499590
Event: 140.431 Thread 0x00000237fe2ba7a0 Thread exited: 0x00000237fe2ba7a0
Event: 140.752 Thread 0x00000237fe2befd0 Thread exited: 0x00000237fe2befd0
Event: 148.384 Thread 0x00000237fe2ba110 Thread exited: 0x00000237fe2ba110
Event: 148.756 Thread 0x00000237fe2c0380 Thread exited: 0x00000237fe2c0380
Event: 208.767 Thread 0x00000237fe2bae30 Thread exited: 0x00000237fe2bae30
Event: 268.783 Thread 0x00000237fe2be940 Thread exited: 0x00000237fe2be940
Event: 490.666 Thread 0x00000237fe2be2b0 Thread added: 0x000002378177d5f0
Event: 551.199 Thread 0x000002378177d5f0 Thread exited: 0x000002378177d5f0
Event: 2983.523 Thread 0x00000237fe2be2b0 Thread added: 0x000002378177c240
Event: 3044.571 Thread 0x000002378177c240 Thread exited: 0x000002378177c240
Event: 5562.442 Thread 0x00000237fe2be2b0 Thread added: 0x000002378177dc80
Event: 5562.498 Thread 0x00000237fe2be2b0 Thread added: 0x000002378177a800
Event: 5636.390 Thread 0x000002378177a800 Thread exited: 0x000002378177a800
Event: 5696.386 Thread 0x000002378177dc80 Thread exited: 0x000002378177dc80
Event: 6481.019 Thread 0x00000237fe2be2b0 Thread added: 0x000002378177c8d0
Event: 6485.524 Thread 0x000002379ffb5420 Thread added: 0x0000023780c47b50
Event: 6492.535 Thread 0x0000023780c47b50 Thread exited: 0x0000023780c47b50
Event: 6547.539 Thread 0x000002378177c8d0 Thread exited: 0x000002378177c8d0


Dynamic libraries:
0x00007ff6c3260000 - 0x00007ff6c326e000 	c:\Users\BEX Technologies\.vscode\extensions\redhat.java-1.51.0-win32-x64\jre\21.0.9-win32-x86_64\bin\java.exe
0x00007ffc454e0000 - 0x00007ffc45747000 	C:\WINDOWS\SYSTEM32\ntdll.dll
0x00007ffc45000000 - 0x00007ffc450c9000 	C:\WINDOWS\System32\KERNEL32.DLL
0x00007ffc42630000 - 0x00007ffc42a1f000 	C:\WINDOWS\System32\KERNELBASE.dll
0x00007ffc430a0000 - 0x00007ffc431eb000 	C:\WINDOWS\System32\ucrtbase.dll
0x00007ffc23ef0000 - 0x00007ffc23f08000 	c:\Users\BEX Technologies\.vscode\extensions\redhat.java-1.51.0-win32-x64\jre\21.0.9-win32-x86_64\bin\jli.dll
0x00007ffc438b0000 - 0x00007ffc43a75000 	C:\WINDOWS\System32\USER32.dll
0x00007ffc42f00000 - 0x00007ffc42f27000 	C:\WINDOWS\System32\win32u.dll
0x00007ffc43300000 - 0x00007ffc4332b000 	C:\WINDOWS\System32\GDI32.dll
0x00007ffc42ae0000 - 0x00007ffc42c0c000 	C:\WINDOWS\System32\gdi32full.dll
0x00007ffc42a30000 - 0x00007ffc42ad3000 	C:\WINDOWS\System32\msvcp_win.dll
0x00007ffc10860000 - 0x00007ffc1087e000 	c:\Users\BEX Technologies\.vscode\extensions\redhat.java-1.51.0-win32-x64\jre\21.0.9-win32-x86_64\bin\VCRUNTIME140.dll
0x00007ffc23930000 - 0x00007ffc23bc3000 	C:\WINDOWS\WinSxS\amd64_microsoft.windows.common-controls_6595b64144ccf1df_6.0.26100.7309_none_3e05feeae336a044\COMCTL32.dll
0x00007ffc43800000 - 0x00007ffc438a9000 	C:\WINDOWS\System32\msvcrt.dll
0x00007ffc450d0000 - 0x00007ffc45101000 	C:\WINDOWS\System32\IMM32.DLL
0x00007ffc30cb0000 - 0x00007ffc30cbc000 	c:\Users\BEX Technologies\.vscode\extensions\redhat.java-1.51.0-win32-x64\jre\21.0.9-win32-x86_64\bin\vcruntime140_1.dll
0x00007ffc107d0000 - 0x00007ffc1085d000 	c:\Users\BEX Technologies\.vscode\extensions\redhat.java-1.51.0-win32-x64\jre\21.0.9-win32-x86_64\bin\msvcp140.dll
0x00007ffb65e20000 - 0x00007ffb66bc0000 	c:\Users\BEX Technologies\.vscode\extensions\redhat.java-1.51.0-win32-x64\jre\21.0.9-win32-x86_64\bin\server\jvm.dll
0x00007ffc43740000 - 0x00007ffc437f4000 	C:\WINDOWS\System32\ADVAPI32.dll
0x00007ffc434f0000 - 0x00007ffc43596000 	C:\WINDOWS\System32\sechost.dll
0x00007ffc442b0000 - 0x00007ffc443c8000 	C:\WINDOWS\System32\RPCRT4.dll
0x00007ffc43280000 - 0x00007ffc432f4000 	C:\WINDOWS\System32\WS2_32.dll
0x00007ffc42490000 - 0x00007ffc424ee000 	C:\WINDOWS\SYSTEM32\POWRPROF.dll
0x00007ffc24750000 - 0x00007ffc24785000 	C:\WINDOWS\SYSTEM32\WINMM.dll
0x00007ffc2af90000 - 0x00007ffc2af9b000 	C:\WINDOWS\SYSTEM32\VERSION.dll
0x00007ffc42470000 - 0x00007ffc42484000 	C:\WINDOWS\SYSTEM32\UMPDC.dll
0x00007ffc413e0000 - 0x00007ffc413fb000 	C:\WINDOWS\SYSTEM32\kernel.appcore.dll
0x00007ffc16240000 - 0x00007ffc1624a000 	c:\Users\BEX Technologies\.vscode\extensions\redhat.java-1.51.0-win32-x64\jre\21.0.9-win32-x86_64\bin\jimage.dll
0x00007ffc3fd20000 - 0x00007ffc3ff62000 	C:\WINDOWS\SYSTEM32\DBGHELP.DLL
0x00007ffc45110000 - 0x00007ffc45495000 	C:\WINDOWS\System32\combase.dll
0x00007ffc43ae0000 - 0x00007ffc43bb6000 	C:\WINDOWS\System32\OLEAUT32.dll
0x00007ffc1c9b0000 - 0x00007ffc1c9ec000 	C:\WINDOWS\SYSTEM32\dbgcore.DLL
0x00007ffc42f30000 - 0x00007ffc42fd5000 	C:\WINDOWS\System32\bcryptPrimitives.dll
0x00007ffc14790000 - 0x00007ffc1479f000 	c:\Users\BEX Technologies\.vscode\extensions\redhat.java-1.51.0-win32-x64\jre\21.0.9-win32-x86_64\bin\instrument.dll
0x00007ffc0ff20000 - 0x00007ffc0ff40000 	c:\Users\BEX Technologies\.vscode\extensions\redhat.java-1.51.0-win32-x64\jre\21.0.9-win32-x86_64\bin\java.dll
0x00007ffc448a0000 - 0x00007ffc44ff3000 	C:\WINDOWS\System32\SHELL32.dll
0x00007ffc42d90000 - 0x00007ffc42efa000 	C:\WINDOWS\System32\wintypes.dll
0x00007ffc40220000 - 0x00007ffc40a7e000 	C:\WINDOWS\SYSTEM32\windows.storage.dll
0x00007ffc44750000 - 0x00007ffc44845000 	C:\WINDOWS\System32\SHCORE.dll
0x00007ffc44230000 - 0x00007ffc44296000 	C:\WINDOWS\System32\shlwapi.dll
0x00007ffc42550000 - 0x00007ffc42579000 	C:\WINDOWS\SYSTEM32\profapi.dll
0x00007ffc0fe30000 - 0x00007ffc0fe48000 	c:\Users\BEX Technologies\.vscode\extensions\redhat.java-1.51.0-win32-x64\jre\21.0.9-win32-x86_64\bin\zip.dll
0x00007ffc10660000 - 0x00007ffc10670000 	C:\Users\BEX Technologies\.vscode\extensions\redhat.java-1.51.0-win32-x64\jre\21.0.9-win32-x86_64\bin\net.dll
0x00007ffc34e40000 - 0x00007ffc34f68000 	C:\WINDOWS\SYSTEM32\WINHTTP.dll
0x00007ffc41950000 - 0x00007ffc419bb000 	C:\WINDOWS\system32\mswsock.dll
0x00007ffc0fa80000 - 0x00007ffc0fa96000 	C:\Users\BEX Technologies\.vscode\extensions\redhat.java-1.51.0-win32-x64\jre\21.0.9-win32-x86_64\bin\nio.dll
0x00007ffc0fe20000 - 0x00007ffc0fe30000 	c:\Users\BEX Technologies\.vscode\extensions\redhat.java-1.51.0-win32-x64\jre\21.0.9-win32-x86_64\bin\verify.dll
0x00007ffc0f790000 - 0x00007ffc0f7d4000 	C:\Users\BEX Technologies\AppData\Roaming\Code\User\globalStorage\redhat.java\1.51.0\config_win\org.eclipse.equinox.launcher\org.eclipse.equinox.launcher.win32.win32.x86_64_1.2.1400.v20250801-0854\eclipse_11916.dll
0x00007ffc435a0000 - 0x00007ffc43737000 	C:\WINDOWS\System32\ole32.dll
0x00007ffc41c10000 - 0x00007ffc41c2b000 	C:\WINDOWS\SYSTEM32\CRYPTSP.dll
0x00007ffc41340000 - 0x00007ffc4137a000 	C:\WINDOWS\system32\rsaenh.dll
0x00007ffc41a00000 - 0x00007ffc41a2b000 	C:\WINDOWS\SYSTEM32\USERENV.dll
0x00007ffc42520000 - 0x00007ffc4254a000 	C:\WINDOWS\SYSTEM32\bcrypt.dll
0x00007ffc41c30000 - 0x00007ffc41c3c000 	C:\WINDOWS\SYSTEM32\CRYPTBASE.dll
0x00007ffc40df0000 - 0x00007ffc40e24000 	C:\WINDOWS\SYSTEM32\IPHLPAPI.DLL
0x00007ffc43350000 - 0x00007ffc4335a000 	C:\WINDOWS\System32\NSI.dll
0x00007ffb9a490000 - 0x00007ffb9a4d9000 	C:\Users\BEX Technologies\AppData\Local\Temp\jna--1788278635\jna1286172060039151331.dll
0x00007ffc44510000 - 0x00007ffc44518000 	C:\WINDOWS\System32\PSAPI.DLL
0x00007ffc35090000 - 0x00007ffc350ae000 	C:\WINDOWS\SYSTEM32\dhcpcsvc6.DLL
0x00007ffc34b20000 - 0x00007ffc34b43000 	C:\WINDOWS\SYSTEM32\dhcpcsvc.DLL
0x00007ffc23ee0000 - 0x00007ffc23eee000 	C:\Users\BEX Technologies\.vscode\extensions\redhat.java-1.51.0-win32-x64\jre\21.0.9-win32-x86_64\bin\sunmscapi.dll
0x00007ffc42c10000 - 0x00007ffc42d87000 	C:\WINDOWS\System32\CRYPT32.dll
0x00007ffc41e30000 - 0x00007ffc41e60000 	C:\WINDOWS\SYSTEM32\ncrypt.dll
0x00007ffc41de0000 - 0x00007ffc41e1f000 	C:\WINDOWS\SYSTEM32\NTASN1.dll
0x00007ffc40e90000 - 0x00007ffc40fbc000 	C:\WINDOWS\SYSTEM32\DNSAPI.dll
0x00007ffc292f0000 - 0x00007ffc292fb000 	C:\Windows\System32\rasadhlp.dll
0x00007ffc2b7f0000 - 0x00007ffc2b876000 	C:\WINDOWS\System32\fwpuclnt.dll
0x00007ffc0fa70000 - 0x00007ffc0fa79000 	C:\Users\BEX Technologies\.vscode\extensions\redhat.java-1.51.0-win32-x64\jre\21.0.9-win32-x86_64\bin\extnet.dll

JVMTI agents:
c:\Users\BEX Technologies\.vscode\extensions\redhat.java-1.51.0-win32-x64\lombok\lombok-1.18.39-4050.jar path:c:\Users\BEX Technologies\.vscode\extensions\redhat.java-1.51.0-win32-x64\jre\21.0.9-win32-x86_64\bin\instrument.dll, loaded, initialized, instrumentlib options:none

dbghelp: loaded successfully - version: 4.0.5 - missing functions: none
symbol engine: initialized successfully - sym options: 0x614 - pdb path: .;c:\Users\BEX Technologies\.vscode\extensions\redhat.java-1.51.0-win32-x64\jre\21.0.9-win32-x86_64\bin;C:\WINDOWS\SYSTEM32;C:\WINDOWS\WinSxS\amd64_microsoft.windows.common-controls_6595b64144ccf1df_6.0.26100.7309_none_3e05feeae336a044;c:\Users\BEX Technologies\.vscode\extensions\redhat.java-1.51.0-win32-x64\jre\21.0.9-win32-x86_64\bin\server;C:\Users\BEX Technologies\AppData\Roaming\Code\User\globalStorage\redhat.java\1.51.0\config_win\org.eclipse.equinox.launcher\org.eclipse.equinox.launcher.win32.win32.x86_64_1.2.1400.v20250801-0854;C:\Users\BEX Technologies\AppData\Local\Temp\jna--1788278635

VM Arguments:
jvm_args: --add-modules=ALL-SYSTEM --add-opens=java.base/java.util=ALL-UNNAMED --add-opens=java.base/java.lang=ALL-UNNAMED --add-opens=java.base/sun.nio.fs=ALL-UNNAMED -Declipse.application=org.eclipse.jdt.ls.core.id1 -Dosgi.bundles.defaultStartLevel=4 -Declipse.product=org.eclipse.jdt.ls.core.product -Djava.import.generatesMetadataFilesAtProjectRoot=false -DDetectVMInstallationsJob.disabled=true -Dfile.encoding=utf8 -XX:+UseParallelGC -XX:GCTimeRatio=4 -XX:AdaptiveSizePolicyWeight=90 -Dsun.zip.disableMemoryMapping=true -Xmx2G -Xms100m -Xlog:disable -javaagent:c:\Users\BEX Technologies\.vscode\extensions\redhat.java-1.51.0-win32-x64\lombok\lombok-1.18.39-4050.jar -XX:+HeapDumpOnOutOfMemoryError -XX:HeapDumpPath=c:\Users\BEX Technologies\AppData\Roaming\Code\User\workspaceStorage\04cf068bf32bb1f79389a4f881e73633\redhat.java -Daether.dependencyCollector.impl=bf 
java_command: c:\Users\BEX Technologies\.vscode\extensions\redhat.java-1.51.0-win32-x64\server\plugins\org.eclipse.equinox.launcher_1.7.100.v20251111-0406.jar -configuration c:\Users\BEX Technologies\AppData\Roaming\Code\User\globalStorage\redhat.java\1.51.0\config_win -data c:\Users\BEX Technologies\AppData\Roaming\Code\User\workspaceStorage\04cf068bf32bb1f79389a4f881e73633\redhat.java\jdt_ws --pipe=\\.\pipe\lsp-8e4730554e7c81a2420d484f8b4587bf-sock
java_class_path (initial): c:\Users\BEX Technologies\.vscode\extensions\redhat.java-1.51.0-win32-x64\server\plugins\org.eclipse.equinox.launcher_1.7.100.v20251111-0406.jar
Launcher Type: SUN_STANDARD

[Global flags]
    uintx AdaptiveSizePolicyWeight                 = 90                                        {product} {command line}
     intx CICompilerCount                          = 3                                         {product} {ergonomic}
    uintx GCTimeRatio                              = 4                                         {product} {command line}
     bool HeapDumpOnOutOfMemoryError               = true                                   {manageable} {command line}
    ccstr HeapDumpPath                             = c:\Users\BEX Technologies\AppData\Roaming\Code\User\workspaceStorage\04cf068bf32bb1f79389a4f881e73633\redhat.java         {manageable} {command line}
   size_t InitialHeapSize                          = 104857600                                 {product} {command line}
   size_t MaxHeapSize                              = 2147483648                                {product} {command line}
   size_t MaxNewSize                               = 715653120                                 {product} {ergonomic}
   size_t MinHeapDeltaBytes                        = 524288                                    {product} {ergonomic}
   size_t MinHeapSize                              = 104857600                                 {product} {command line}
   size_t NewSize                                  = 34603008                                  {product} {ergonomic}
    uintx NonNMethodCodeHeapSize                   = 5832780                                {pd product} {ergonomic}
    uintx NonProfiledCodeHeapSize                  = 122912730                              {pd product} {ergonomic}
   size_t OldSize                                  = 70254592                                  {product} {ergonomic}
    uintx ProfiledCodeHeapSize                     = 122912730                              {pd product} {ergonomic}
    uintx ReservedCodeCacheSize                    = 251658240                              {pd product} {ergonomic}
     bool SegmentedCodeCache                       = true                                      {product} {ergonomic}
   size_t SoftMaxHeapSize                          = 2147483648                             {manageable} {ergonomic}
     bool UseCompressedOops                        = true                           {product lp64_product} {ergonomic}
     bool UseLargePagesIndividualAllocation        = false                                  {pd product} {ergonomic}
     bool UseParallelGC                            = true                                      {product} {command line}

Logging:
Log output configuration:
 #0: stdout all=off uptime,level,tags foldmultilines=false
 #1: stderr all=off uptime,level,tags foldmultilines=false

Release file:
JAVA_VERSION="21.0.9" 
MODULES="java.base java.compiler java.datatransfer java.xml java.prefs java.desktop java.instrument java.logging java.management java.security.sasl java.naming java.rmi java.management.rmi java.net.http java.scripting java.security.jgss java.transaction.xa java.sql java.sql.rowset java.xml.crypto java.se java.smartcardio jdk.accessibility jdk.internal.jvmstat jdk.attach jdk.charsets jdk.internal.opt jdk.zipfs jdk.compiler jdk.crypto.ec jdk.crypto.cryptoki jdk.crypto.mscapi jdk.dynalink jdk.internal.ed jdk.editpad jdk.hotspot.agent jdk.httpserver jdk.internal.le jdk.internal.vm.ci jdk.internal.vm.compiler jdk.internal.vm.compiler.management jdk.jartool jdk.javadoc jdk.jcmd jdk.management jdk.management.agent jdk.jconsole jdk.jdeps jdk.jdwp.agent jdk.jdi jdk.jfr jdk.jshell jdk.jsobject jdk.jstatd jdk.localedata jdk.management.jfr jdk.naming.dns jdk.naming.rmi jdk.net jdk.nio.mapmode jdk.random jdk.sctp jdk.security.auth jdk.security.jgss jdk.unsupported jdk.unsupported.desktop jdk.xml.dom" 

Environment Variables:
JAVA_HOME=C:\Program Files\Java\jdk-17
PATH=C:\Program Files\Common Files\Oracle\Java\javapath;C:\WINDOWS\system32;C:\WINDOWS;C:\WINDOWS\System32\Wbem;C:\WINDOWS\System32\WindowsPowerShell\v1.0\;C:\WINDOWS\System32\OpenSSH\;C:\ProgramData\chocolatey\bin;C:\Program Files\Git\cmd;C:\Program Files\Intel\WiFi\bin\;C:\Program Files\Common Files\Intel\WirelessCommon\;C:\Program Files\TortoiseSVN\bin;C:\Users\BEX Technologies\AppData\Roaming\nvm;C:\Program Files\nodejs;C:\ffmpeg-6.1.1\bin;C:\Program Files\MongoDB\Tools\100\bin;C:\Program Files\mongosh;C:\Users\BEX Technologies\Ngrok;C:\Program Files\Redis;C:\Users\BEX Technologies\Redis;C:\Users\BEX Technologies\.bun\bin;C:\Program Files\Meld\;C:\Program Files (x86)\cloudflared\;C:\Program Files\Maven\apache-maven-3.9.11\bin;C:\Program Files\Java\jdk-17\bin;C:\Program Files\Amazon\AWSCLIV2\;C:\Users\BEX Technologies\AppData\Local\Programs\Eclipse Adoptium\jdk-11.0.27.6-hotspot\bin;C:\Program Files\MySQL\MySQL Shell 8.0\bin\;C:\Users\BEX Technologies\AppData\Local\Programs\Python\Python313\Scripts\;C:\Users\BEX Technologies\AppData\Local\Programs\Python\Python313\;C:\Android_Studio\Android\Sdk\platform-tools;C:\Android_Studio\Android\Sdk\tools;C:\Users\BEX Technologies\AppData\Local\jdk-11.0.2\bin;C:\Users\BEX Technologies\AppData\Local\Microsoft\WindowsApps;C:\Users\BEX Technologies\AppData\Roaming\npm;C:\Users\BEX Technologies\AppData\Local\Programs\mongosh\;C:\Program Files\MongoDB\Server\5.0\bin;C:\Program Files\MongoDB\Tools\100\bin;C:\Users\BEX Technologies\AppData\Local\GitHubDesktop\bin;C:\Users\BEX Technologies\AppData\Local\atom\bin;C:\Program Files\heroku\bin;C:\Program Files\Intel\WiFi\bin\;C:\Program Files\Common Files\Intel\WirelessCommon\;C:\Users\BEX Technologies\AppData\Local\Microsoft\WindowsApps;C:\Users\BEX Technologies\AppData\Roaming\nvm;C:\Program Files\nodejs;C:\Users\LenBex\AppData\Local\Android\Sdk\p;C:\Users\BEX Technologies\AppData\Roaming\nvm;C:\Program Files\mongosh\;C:\Users\BEX Technologies\Ngrok;C:\Users\BEX Technologies\AppData\Local\Programs\Microsoft VS Code\bin;C:\Users\BEX Technologies\.bun\bin;C:\Program Files (x86)\cloudflared\;C:\Program Files\Maven\apache-maven-3.9.11\bin;
USERNAME=Bex Technologies
OS=Windows_NT
PROCESSOR_IDENTIFIER=Intel64 Family 6 Model 142 Stepping 12, GenuineIntel
TMP=C:\Users\BEXTEC~1\AppData\Local\Temp
TEMP=C:\Users\BEXTEC~1\AppData\Local\Temp




Periodic native trim disabled

---------------  S Y S T E M  ---------------

OS:
 Windows 11 , 64 bit Build 26100 (10.0.26100.7309)
OS uptime: 0 days 7:46 hours
Hyper-V role detected

CPU: total 4 (initial active 4) (2 cores per cpu, 2 threads per core) family 6 model 142 stepping 12 microcode 0xec, cx8, cmov, fxsr, ht, mmx, 3dnowpref, sse, sse2, sse3, ssse3, sse4.1, sse4.2, popcnt, lzcnt, tsc, tscinvbit, avx, avx2, aes, erms, clmul, bmi1, bmi2, adx, fma, vzeroupper, clflush, clflushopt, hv, rdtscp, f16c
Processor Information for the first 4 processors :
  Max Mhz: 2592, Current Mhz: 2093, Mhz Limit: 2073

Memory: 4k page, system-wide physical 8026M (438M free)
TotalPageFile size 32602M (AvailPageFile size 8M)
current process WorkingSet (physical memory assigned to process): 8M, peak: 538M
current process commit charge ("private bytes"): 549M, peak: 599M

vm_info: OpenJDK 64-Bit Server VM (21.0.9+10-LTS) for windows-amd64 JRE (21.0.9+10-LTS), built on 2025-10-21T00:00:00Z by "admin" with unknown MS VC++:1942

END.
